#
# There is insufficient memory for the Java Runtime Environment to continue.
# Native memory allocation (mmap) failed to map 125829120 bytes for G1 virtual space
# Possible reasons:
#   The system is out of physical RAM or swap space
#   The process is running with CompressedOops enabled, and the Java Heap may be blocking the growth of the native heap
# Possible solutions:
#   Reduce memory load on the system
#   Increase physical memory or swap space
#   Check if swap backing store is full
#   Decrease Java heap size (-Xmx/-Xms)
#   Decrease number of Java threads
#   Decrease Java thread stack sizes (-Xss)
#   Set larger code cache with -XX:ReservedCodeCacheSize=
#   JVM is running with Unscaled Compressed Oops mode in which the Java heap is
#     placed in the first 4GB address space. The Java Heap base address is the
#     maximum limit for the native heap growth. Please use -XX:HeapBaseMinAddress
#     to set the Java Heap base and to place the Java Heap above 4GB virtual address.
# This output file may be truncated or incomplete.
#
#  Out of Memory Error (os_windows.cpp:3469), pid=6856, tid=5696
#
# JRE version:  (17.0.1+12) (build )
# Java VM: OpenJDK 64-Bit Server VM (17.0.1+12-39, mixed mode, sharing, tiered, compressed oops, compressed class ptrs, g1 gc, windows-amd64)
# No core dump will be written. Minidumps are not enabled by default on client versions of Windows
#

---------------  S U M M A R Y ------------

Command Line: -javaagent:D:\3_семестр\IntelliJ IDEA Community Edition 2021.1.3\lib\idea_rt.jar=52715:D:\3_семестр\IntelliJ IDEA Community Edition 2021.1.3\bin -Dfile.encoding=UTF-8 FractalExplorer

Host: AMD Ryzen 5 2400G with Radeon Vega Graphics    , 8 cores, 7G,  Windows 10 , 64 bit Build 17763 (10.0.17763.2300)
Time: Mon Dec 27 23:51:04 2021 RTZ 2 (зима) elapsed time: 0.064070 seconds (0d 0h 0m 0s)

---------------  T H R E A D  ---------------

Current thread (0x00000247d974e240):  JavaThread "Unknown thread" [_thread_in_vm, id=5696, stack(0x0000007414c00000,0x0000007414d00000)]

Stack: [0x0000007414c00000,0x0000007414d00000]
Native frames: (J=compiled Java code, j=interpreted, Vv=VM code, C=native code)
V  [jvm.dll+0x66fa1a]
V  [jvm.dll+0x7ce5a4]
V  [jvm.dll+0x7cfd4e]
V  [jvm.dll+0x7d03b3]
V  [jvm.dll+0x242b05]
V  [jvm.dll+0x66ca39]
V  [jvm.dll+0x661502]
V  [jvm.dll+0x30081b]
V  [jvm.dll+0x307da6]
V  [jvm.dll+0x357a1e]
V  [jvm.dll+0x357c4f]
V  [jvm.dll+0x2d7ad8]
V  [jvm.dll+0x2d8a44]
V  [jvm.dll+0x7a01e1]
V  [jvm.dll+0x365791]
V  [jvm.dll+0x77f6cc]
V  [jvm.dll+0x3e812f]
V  [jvm.dll+0x3e9bd1]
C  [jli.dll+0x527b]
C  [ucrtbase.dll+0x2268a]
C  [KERNEL32.DLL+0x17974]
C  [ntdll.dll+0x5a2f1]


---------------  P R O C E S S  ---------------

Threads class SMR info:
_java_thread_list=0x00007ffd75f87818, length=0, elements={
}

Java Threads: ( => current thread )

Other Threads:
  0x00000247d978c4c0 GCTaskThread "GC Thread#0" [stack: 0x0000007414d00000,0x0000007414e00000] [id=4848]
  0x00000247d979f5c0 ConcurrentGCThread "G1 Main Marker" [stack: 0x0000007414e00000,0x0000007414f00000] [id=7004]
  0x00000247d979fee0 ConcurrentGCThread "G1 Conc#0" [stack: 0x0000007414f00000,0x0000007415000000] [id=6592]

[error occurred during error reporting (printing all threads), id 0xc0000005, EXCEPTION_ACCESS_VIOLATION (0xc0000005) at pc=0x00007ffd757d84b7]

VM state: not at safepoint (not fully initialized)

VM Mutex/Monitor currently owned by a thread:  ([mutex/lock_event])
[0x00000247d974b340] Heap_lock - owner thread: 0x00000247d974e240

Heap address: 0x0000000088c00000, size: 1908 MB, Compressed Oops mode: 32-bit

CDS archive(s) mapped at: [0x0000000000000000-0x0000000000000000-0x0000000000000000), size 0, SharedBaseAddress: 0x0000000800000000, ArchiveRelocationMode: 0.
Narrow klass base: 0x0000000000000000, Narrow klass shift: 0, Narrow klass range: 0x0

GC Precious Log:
<Empty>

Heap:
 garbage-first heap   total 0K, used 0K [0x0000000088c00000, 0x0000000100000000)
  region size 1024K, 0 young (0K), 0 survivors (0K)

[error occurred during error reporting (printing heap information), id 0xc0000005, EXCEPTION_ACCESS_VIOLATION (0xc0000005) at pc=0x00007ffd75bb8d89]

GC Heap History (0 events):
No events

Deoptimization events (0 events):
No events

Classes unloaded (0 events):
No events

Classes redefined (0 events):
No events

Internal exceptions (0 events):
No events

VM Operations (0 events):
No events

Events (1 events):
Event: 0.031 Loaded shared library C:\Users\Виктория\.jdks\openjdk-17.0.1\bin\java.dll


Dynamic libraries:
0x00007ff65fcc0000 - 0x00007ff65fcce000 	C:\Users\Виктория\.jdks\openjdk-17.0.1\bin\java.exe
0x00007ffdb07e0000 - 0x00007ffdb09cd000 	C:\Windows\SYSTEM32\ntdll.dll
0x00007ffdadd50000 - 0x00007ffdade04000 	C:\Windows\System32\KERNEL32.DLL
0x00007ffdacaf0000 - 0x00007ffdacd84000 	C:\Windows\System32\KERNELBASE.dll
0x00007ffdad570000 - 0x00007ffdad66a000 	C:\Windows\System32\ucrtbase.dll
0x00007ffda6ca0000 - 0x00007ffda6cb8000 	C:\Users\Виктория\.jdks\openjdk-17.0.1\bin\jli.dll
0x00007ffdadb40000 - 0x00007ffdadcd7000 	C:\Windows\System32\USER32.dll
0x00007ffdad940000 - 0x00007ffdad960000 	C:\Windows\System32\win32u.dll
0x00007ffdae300000 - 0x00007ffdae329000 	C:\Windows\System32\GDI32.dll
0x00007ffdac950000 - 0x00007ffdacaec000 	C:\Windows\System32\gdi32full.dll
0x00007ffdac880000 - 0x00007ffdac920000 	C:\Windows\System32\msvcp_win.dll
0x00007ffda6220000 - 0x00007ffda623a000 	C:\Users\Виктория\.jdks\openjdk-17.0.1\bin\VCRUNTIME140.dll
0x00007ffd9cfd0000 - 0x00007ffd9d249000 	C:\Windows\WinSxS\amd64_microsoft.windows.common-controls_6595b64144ccf1df_6.0.17763.2366_none_de735d0053496d5d\COMCTL32.dll
0x00007ffdafb30000 - 0x00007ffdafbce000 	C:\Windows\System32\msvcrt.dll
0x00007ffdb0000000 - 0x00007ffdb032d000 	C:\Windows\System32\combase.dll
0x00007ffdae170000 - 0x00007ffdae28f000 	C:\Windows\System32\RPCRT4.dll
0x00007ffdad4e0000 - 0x00007ffdad562000 	C:\Windows\System32\bcryptPrimitives.dll
0x00007ffdafb00000 - 0x00007ffdafb2e000 	C:\Windows\System32\IMM32.DLL
0x00007ffda8870000 - 0x00007ffda887c000 	C:\Users\Виктория\.jdks\openjdk-17.0.1\bin\vcruntime140_1.dll
0x00007ffda6190000 - 0x00007ffda621d000 	C:\Users\Виктория\.jdks\openjdk-17.0.1\bin\msvcp140.dll
0x00007ffd754f0000 - 0x00007ffd760ae000 	C:\Users\Виктория\.jdks\openjdk-17.0.1\bin\server\jvm.dll
0x00007ffdafd30000 - 0x00007ffdafdd4000 	C:\Windows\System32\ADVAPI32.dll
0x00007ffdafa60000 - 0x00007ffdafafe000 	C:\Windows\System32\sechost.dll
0x00007ffdae290000 - 0x00007ffdae298000 	C:\Windows\System32\PSAPI.DLL
0x00007ffd9ea80000 - 0x00007ffd9ea89000 	C:\Windows\SYSTEM32\WSOCK32.dll
0x00007ffdafde0000 - 0x00007ffdafe4d000 	C:\Windows\System32\WS2_32.dll
0x00007ffdaa530000 - 0x00007ffdaa554000 	C:\Windows\SYSTEM32\WINMM.dll
0x00007ffda6bd0000 - 0x00007ffda6bda000 	C:\Windows\SYSTEM32\VERSION.dll
0x00007ffdaa410000 - 0x00007ffdaa43d000 	C:\Windows\SYSTEM32\WINMMBASE.dll
0x00007ffdad8f0000 - 0x00007ffdad93a000 	C:\Windows\System32\cfgmgr32.dll
0x00007ffdac840000 - 0x00007ffdac851000 	C:\Windows\System32\kernel.appcore.dll
0x00007ffda6c10000 - 0x00007ffda6c1a000 	C:\Users\Виктория\.jdks\openjdk-17.0.1\bin\jimage.dll
0x00007ffd9a020000 - 0x00007ffd9a20d000 	C:\Windows\SYSTEM32\DBGHELP.DLL
0x00007ffd99bc0000 - 0x00007ffd99bea000 	C:\Windows\SYSTEM32\dbgcore.DLL
0x00007ffda6000000 - 0x00007ffda600e000 	C:\Users\Виктория\.jdks\openjdk-17.0.1\bin\instrument.dll
0x00007ffda6160000 - 0x00007ffda6185000 	C:\Users\Виктория\.jdks\openjdk-17.0.1\bin\java.dll

dbghelp: loaded successfully - version: 4.0.5 - missing functions: none
symbol engine: initialized successfully - sym options: 0x614 - pdb path: .;C:\Users\Виктория\.jdks\openjdk-17.0.1\bin;C:\Windows\SYSTEM32;C:\Windows\WinSxS\amd64_microsoft.windows.common-controls_6595b64144ccf1df_6.0.17763.2366_none_de735d0053496d5d;C:\Users\Виктория\.jdks\openjdk-17.0.1\bin\server

VM Arguments:
jvm_args: -javaagent:D:\3_семестр\IntelliJ IDEA Community Edition 2021.1.3\lib\idea_rt.jar=52715:D:\3_семестр\IntelliJ IDEA Community Edition 2021.1.3\bin -Dfile.encoding=UTF-8 
java_command: FractalExplorer
java_class_path (initial): C:\Users\Виктория\IdeaProjects\Laba5\out\production\Laba5
Launcher Type: SUN_STANDARD

[Global flags]
     intx CICompilerCount                          = 4                                         {product} {ergonomic}
     uint ConcGCThreads                            = 2                                         {product} {ergonomic}
     uint G1ConcRefinementThreads                  = 8                                         {product} {ergonomic}
   size_t G1HeapRegionSize                         = 1048576                                   {product} {ergonomic}
    uintx GCDrainStackTargetSize                   = 64                                        {product} {ergonomic}
   size_t InitialHeapSize                          = 125829120                                 {product} {ergonomic}
   size_t MarkStackSize                            = 4194304                                   {product} {ergonomic}
   size_t MaxHeapSize                              = 2000683008                                {product} {ergonomic}
   size_t MinHeapDeltaBytes                        = 1048576                                   {product} {ergonomic}
   size_t MinHeapSize                              = 8388608                                   {product} {ergonomic}
    uintx NonNMethodCodeHeapSize                   = 5839372                                {pd product} {ergonomic}
    uintx NonProfiledCodeHeapSize                  = 122909434                              {pd product} {ergonomic}
    uintx ProfiledCodeHeapSize                     = 122909434                              {pd product} {ergonomic}
    uintx ReservedCodeCacheSize                    = 251658240                              {pd product} {ergonomic}
     bool SegmentedCodeCache                       = true                                      {product} {ergonomic}
   size_t SoftMaxHeapSize                          = 2000683008                             {manageable} {ergonomic}
     bool UseCompressedClassPointers               = true                           {product lp64_product} {ergonomic}
     bool UseCompressedOops                        = true                           {product lp64_product} {ergonomic}
     bool UseG1GC                                  = true                                      {product} {ergonomic}
     bool UseLargePagesIndividualAllocation        = false                                  {pd product} {ergonomic}

Logging:
Log output configuration:
 #0: stdout all=warning uptime,level,tags
 #1: stderr all=off uptime,level,tags

Environment Variables:
PATH=C:\Program Files (x86)\Common Files\Oracle\Java\javapath;C:\Windows\system32;C:\Windows;C:\Windows\System32\Wbem;C:\Windows\System32\WindowsPowerShell\v1.0\;C:\Windows\System32\OpenSSH\;D:\Scripts\;D:\;C:\Users\Виктория\AppData\Local\Programs\Python\Python39\Scripts\;C:\Users\Виктория\AppData\Local\Programs\Python\Python39\;C:\Users\Виктория\AppData\Local\Programs\Python\Python37\Scripts\;C:\Users\Виктория\AppData\Local\Programs\Python\Python37\;C:\Users\Виктория\AppData\Local\Microsoft\WindowsApps;;D:\3_семестр\IntelliJ IDEA Community Edition 2021.1.3\bin;
USERNAME=Виктория
OS=Windows_NT
PROCESSOR_IDENTIFIER=AMD64 Family 23 Model 17 Stepping 0, AuthenticAMD



---------------  S Y S T E M  ---------------

OS:
 Windows 10 , 64 bit Build 17763 (10.0.17763.2300)
OS uptime: 0 days 1:20 hours

CPU: total 8 (initial active 8) (8 cores per cpu, 2 threads per core) family 23 model 17 stepping 0 microcode 0x0, cx8, cmov, fxsr, ht, mmx, 3dnowpref, sse, sse2, sse3, ssse3, sse4a, sse4.1, sse4.2, popcnt, lzcnt, tsc, tscinvbit, avx, avx2, aes, clmul, bmi1, bmi2, adx, sha, fma, vzeroupper, clflush, clflushopt

Memory: 4k page, system-wide physical 7628M (1086M free)
TotalPageFile size 7628M (AvailPageFile size 89M)
current process WorkingSet (physical memory assigned to process): 10M, peak: 10M
current process commit charge ("private bytes"): 60M, peak: 180M

vm_info: OpenJDK 64-Bit Server VM (17.0.1+12-39) for windows-amd64 JRE (17.0.1+12-39), built on Sep 27 2021 18:39:29 by "mach5one" with MS VC++ 16.8 (VS2019)

END.
